

HI-TECH Software PICC Macro Assembler V9.60
                                                      Mon May 07 18:11:00 2007


     1                           	processor	16F690
     2                           	opt	pw 79
     3                           	psect	strings,global,class=STRING,delta=2
     4                           	psect	const1,local,class=CONST,delta=2
     5                           	psect	text0,local,class=CODE,delta=2
     6                           	psect	text1,local,class=CODE,delta=2
     7                           	psect	text2,local,class=CODE,delta=2
     8                           	psect	text3,local,class=CODE,delta=2
     9                           	psect	text4,local,class=CODE,delta=2
    10                           	psect	text5,local,class=CODE,delta=2
    11                           	psect	text6,local,class=CODE,delta=2
    12                           	psect	text7,local,class=CODE,delta=2
    13                           	psect	text8,local,class=CODE,delta=2
    14                           	psect	rbss_0,global,class=BANK0,space=1,delta=
      +                          1
    15  0000                     
    16  0000                     
    17  0000                     
    18  0000                     
    19  0000                     
    20  0000                     
    21  0000                     
    22  0000                     
    23  0000                     
    24  0000                     
    25                           
    26                           	psect	const1
    27  0023  0782               	addwf	2
    28  0024                     _RxTxconfig
    29  0024  340A               	retlw	10
    30  0025  3401               	retlw	1
    31  0026  340E               	retlw	14
    32  0027  3444               	retlw	68
    33  0028  3420               	retlw	32
    34  0029  3420               	retlw	32
    35  002A  34CC               	retlw	-52
    36  002B  34CC               	retlw	-52
    37  002C  34CC               	retlw	-52
    38  002D  34CC               	retlw	-52
    39  002E  3458               	retlw	88
    40                           
    41                           	psect	text0
    42  07C5                     _rfTxPacket
    43                           ;	_i assigned to ?a_rfTxPacket+0
    44  0000                     _rfTxPacket$i	set	?a_rfTxPacket
    45                           ;	__dcnt assigned to ?a_rfTxPacket+1
    46  0000                     _rfTxPacket$_dcnt	set	?a_rfTxPacket+1
    47                           ;nRF905.c: 90: void rfTxPacket(void)
    48  07C5  0183               	clrf	3	;select bank 0
    49  07C6  1687               	bsf	7,5
    50                           ;nRF905.c: 95: RC3 = 1;
    51  07C7  1587               	bsf	7,3
    52                           ;nRF905.c: 96: RC4 = 0;
    53  07C8  1207               	bcf	7,4
    54                           ;nRF905.c: 98: RC6 = 0;
    55  07C9  1307               	bcf	7,6
    56                           ;nRF905.c: 99: spiWrite(0x22);
    57  07CA  3022               	movlw	34
    58  07CB  2749               	call	_spiWrite
    59                           ;nRF905.c: 100: for(i=0; i<4; i++)
    60  07CC  01E6               	clrf	?a_rfTxPacket
    61  07CD                     l3
    62                           ;nRF905.c: 101: {
    63  07CD  0866               	movf	?a_rfTxPacket,w
    64  07CE  00E8               	movwf	?a_rfTxPacket+2
    65  07CF  01E9               	clrf	?a_rfTxPacket+3
    66  07D0  3006               	movlw	6
    67  07D1  07E8               	addwf	?a_rfTxPacket+2
    68  07D2  1803               	btfsc	3,0
    69  07D3  0AE9               	incf	?a_rfTxPacket+3
    70  07D4  0869               	movf	?a_rfTxPacket+3,w
    71  07D5  3E00               	addlw	high _RxTxconfig
    72  07D6  00EC               	movwf	code_ptr+1
    73  07D7  0868               	movf	?a_rfTxPacket+2,w
    74  07D8  3E24               	addlw	low _RxTxconfig
    75  07D9  1803               	btfsc	3,0
    76  07DA  0AEC               	incf	code_ptr+1
    77  07DB  200D               	call	string_table
    78  07DC  2749               	call	_spiWrite
    79  07DD  0AE6               	incf	?a_rfTxPacket
    80  07DE  3004               	movlw	4
    81  07DF  0266               	subwf	?a_rfTxPacket,w
    82  07E0  1C03               	btfss	3,0
    83  07E1  2FCD               	goto	l3
    84                           ;nRF905.c: 103: }
    85  07E2  1707               	bsf	7,6
    86                           ;nRF905.c: 106: for(i=0;i<200;i++);
    87  07E3  01E6               	clrf	?a_rfTxPacket
    88  07E4                     l6
    89  07E4  0AE6               	incf	?a_rfTxPacket
    90  07E5  30C8               	movlw	-56
    91  07E6  0266               	subwf	?a_rfTxPacket,w
    92  07E7  1C03               	btfss	3,0
    93  07E8  2FE4               	goto	l6
    94                           ;nRF905.c: 108: RC6 = 0;
    95  07E9  1307               	bcf	7,6
    96                           ;nRF905.c: 109: spiWrite(0x20);
    97  07EA  3020               	movlw	32
    98  07EB  2749               	call	_spiWrite
    99                           ;nRF905.c: 110: for (i=0;i<32;i++)
   100  07EC  01E6               	clrf	?a_rfTxPacket
   101  07ED                     l9
   102                           ;nRF905.c: 111: {
   103  07ED  0866               	movf	?a_rfTxPacket,w
   104  07EE  3E44               	addlw	_TxBuf
   105  07EF  0084               	movwf	4
   106  07F0  1383               	bcf	3,7
   107  07F1  0800               	movf	0,w
   108  07F2  2749               	call	_spiWrite
   109  07F3  0AE6               	incf	?a_rfTxPacket
   110  07F4  3020               	movlw	32
   111  07F5  0266               	subwf	?a_rfTxPacket,w
   112  07F6  1C03               	btfss	3,0
   113  07F7  2FED               	goto	l9
   114                           ;nRF905.c: 113: }
   115  07F8  1707               	bsf	7,6
   116                           ;nRF905.c: 116: RC4 = 1;
   117  07F9  1607               	bsf	7,4
   118                           ;nRF905.c: 117: { unsigned char _dcnt; _dcnt = 
      +                          (20)/((12*1000L)/(4*1000L))|1; while(--_dcnt !=
      +                           0) continue; };
   119  07FA  3007               	movlw	7
   120  07FB  00E7               	movwf	?a_rfTxPacket+1
   121  07FC                     l13
   122  07FC  0BE7               	decfsz	?a_rfTxPacket+1
   123  07FD  2FFC               	goto	l13
   124                           ;nRF905.c: 118: RC4 = 0;
   125  07FE  1207               	bcf	7,4
   126                           ;nRF905.c: 120: }
   127  07FF  0008               	return	;W free
   128                           
   129                           	psect	text1
   130  0772                     _rfRxPacket
   131                           ;	_i assigned to ?a_rfRxPacket+0
   132  0000                     _rfRxPacket$i	set	?a_rfRxPacket
   133                           ;nRF905.c: 123: void rfRxPacket(void)
   134  0772  0183               	clrf	3	;select bank 0
   135  0773  1207               	bcf	7,4
   136                           ;nRF905.c: 128: RC6 = 0;
   137  0774  1307               	bcf	7,6
   138                           ;nRF905.c: 129: spiWrite(0x24);
   139  0775  3024               	movlw	36
   140  0776  2749               	call	_spiWrite
   141                           ;nRF905.c: 130: for(i=0;i<32;i++)
   142  0777  01E4               	clrf	?a_rfRxPacket
   143  0778                     l16
   144                           ;nRF905.c: 131: RxBuf[i] = spiRead();
   145  0778  2728               	call	_spiRead
   146  0779  00E5               	movwf	?a_rfRxPacket+1
   147  077A  0864               	movf	?a_rfRxPacket,w
   148  077B  3E24               	addlw	_RxBuf
   149  077C  0084               	movwf	4
   150  077D  1383               	bcf	3,7
   151  077E  0865               	movf	?a_rfRxPacket+1,w
   152  077F  0080               	movwf	0
   153  0780  0AE4               	incf	?a_rfRxPacket
   154  0781  3020               	movlw	32
   155  0782  0264               	subwf	?a_rfRxPacket,w
   156  0783  1C03               	btfss	3,0
   157  0784  2F78               	goto	l16
   158                           ;nRF905.c: 132: RC6 = 0;
   159  0785  1307               	bcf	7,6
   160                           ;nRF905.c: 133: while(RA2||RA5);
   161  0786                     l19
   162  0786  1D05               	btfss	5,2
   163  0787  1A85               	btfsc	5,5
   164  0788  2F86               	goto	l19
   165                           ;nRF905.c: 134: RC4=1;
   166  0789  1607               	bsf	7,4
   167                           ;nRF905.c: 135: }
   168  078A  0008               	return	;W free
   169                           
   170                           	psect	text2
   171  07A6                     _rfConfig905
   172                           ;	_i assigned to ?a_rfConfig905+0
   173  0000                     _rfConfig905$i	set	?a_rfConfig905
   174                           ;nRF905.c: 138: void rfConfig905(void)
   175  07A6  0183               	clrf	3	;select bank 0
   176  07A7  1687               	bsf	7,5
   177                           ;nRF905.c: 143: RC4 = 0;
   178  07A8  1207               	bcf	7,4
   179                           ;nRF905.c: 145: RC6 = 0;
   180  07A9  1307               	bcf	7,6
   181                           ;nRF905.c: 146: spiWrite(0x00);
   182  07AA  3000               	movlw	0
   183  07AB  2749               	call	_spiWrite
   184                           ;nRF905.c: 147: for(i=0;i<RxTxconfig.n;i++)
   185  07AC  01E6               	clrf	?a_rfConfig905
   186  07AD  2FBF               	goto	l26
   187  07AE                     l23
   188                           ;nRF905.c: 148: {
   189  07AE  0866               	movf	?a_rfConfig905,w
   190  07AF  00E7               	movwf	?a_rfConfig905+1
   191  07B0  01E8               	clrf	?a_rfConfig905+2
   192  07B1  3001               	movlw	1
   193  07B2  07E7               	addwf	?a_rfConfig905+1
   194  07B3  1803               	btfsc	3,0
   195  07B4  0AE8               	incf	?a_rfConfig905+2
   196  07B5  0868               	movf	?a_rfConfig905+2,w
   197  07B6  3E00               	addlw	high _RxTxconfig
   198  07B7  00EC               	movwf	code_ptr+1
   199  07B8  0867               	movf	?a_rfConfig905+1,w
   200  07B9  3E24               	addlw	low _RxTxconfig
   201  07BA  1803               	btfsc	3,0
   202  07BB  0AEC               	incf	code_ptr+1
   203  07BC  200D               	call	string_table
   204  07BD  2749               	call	_spiWrite
   205  07BE  0AE6               	incf	?a_rfConfig905
   206  07BF                     l26
   207  07BF  2024               	call	_RxTxconfig
   208  07C0  0266               	subwf	?a_rfConfig905,w
   209  07C1  1C03               	btfss	3,0
   210  07C2  2FAE               	goto	l23
   211                           ;nRF905.c: 150: }
   212  07C3  1707               	bsf	7,6
   213                           ;nRF905.c: 152: }
   214  07C4  0008               	return	;W free
   215                           
   216                           	psect	text3
   217  075D                     _rfSetRxMode
   218                           ;	__dcnt assigned to ?a_rfSetRxMode+0
   219  0000                     _rfSetRxMode$_dcnt	set	?a_rfSetRxMode
   220                           ;	__dcnt assigned to ?a_rfSetRxMode+0
   221  0000                     _rfSetRxMode$_dcnt	set	?a_rfSetRxMode
   222                           ;	__dcnt assigned to ?a_rfSetRxMode+0
   223  0000                     _rfSetRxMode$_dcnt	set	?a_rfSetRxMode
   224                           ;	__dcnt assigned to ?a_rfSetRxMode+0
   225  0000                     _rfSetRxMode$_dcnt	set	?a_rfSetRxMode
   226                           ;nRF905.c: 154: void rfSetRxMode(void)
   227  075D  0183               	clrf	3	;select bank 0
   228  075E  1687               	bsf	7,5
   229                           ;nRF905.c: 158: RC3 = 0;
   230  075F  1187               	bcf	7,3
   231                           ;nRF905.c: 159: RC4 = 1;
   232  0760  1607               	bsf	7,4
   233                           ;nRF905.c: 161: { unsigned char _dcnt; _dcnt = 
      +                          (200)/((12*1000L)/(4*1000L))|1; while(--_dcnt !
      +                          = 0) continue; };
   234  0761  3043               	movlw	67
   235  0762  00E4               	movwf	?a_rfSetRxMode
   236  0763                     l28
   237  0763  0BE4               	decfsz	?a_rfSetRxMode
   238  0764  2F63               	goto	l28
   239                           ;nRF905.c: 162: { unsigned char _dcnt; _dcnt = 
      +                          (200)/((12*1000L)/(4*1000L))|1; while(--_dcnt !
      +                          = 0) continue; };
   240  0765  3043               	movlw	67
   241  0766  00E4               	movwf	?a_rfSetRxMode
   242  0767                     l32
   243  0767  0BE4               	decfsz	?a_rfSetRxMode
   244  0768  2F67               	goto	l32
   245                           ;nRF905.c: 163: { unsigned char _dcnt; _dcnt = 
      +                          (200)/((12*1000L)/(4*1000L))|1; while(--_dcnt !
      +                          = 0) continue; };
   246  0769  3043               	movlw	67
   247  076A  00E4               	movwf	?a_rfSetRxMode
   248  076B                     l35
   249  076B  0BE4               	decfsz	?a_rfSetRxMode
   250  076C  2F6B               	goto	l35
   251                           ;nRF905.c: 164: { unsigned char _dcnt; _dcnt = 
      +                          (50)/((12*1000L)/(4*1000L))|1; while(--_dcnt !=
      +                           0) continue; };
   252  076D  3011               	movlw	17
   253  076E  00E4               	movwf	?a_rfSetRxMode
   254  076F                     l38
   255  076F  0BE4               	decfsz	?a_rfSetRxMode
   256  0770  2F6F               	goto	l38
   257  0771  0008               	return
   258                           
   259                           	psect	text4
   260  0737                     _rfInitIO
   261                           ;nRF905.c: 167: void rfInitIO(void)
   262  0737  0183               	clrf	3	;select bank 0
   263  0738  1707               	bsf	7,6
   264                           ;nRF905.c: 170: TRISC6 = 0;
   265  0739  1683               	bsf	3,5
   266  073A  1307               	bcf	7,6
   267                           ;nRF905.c: 171: RB6 = 0;
   268  073B  1283               	bcf	3,5
   269  073C  1306               	bcf	6,6
   270                           ;nRF905.c: 172: TRISB6 = 0;
   271  073D  1683               	bsf	3,5
   272  073E  1306               	bcf	6,6
   273                           ;nRF905.c: 173: TRISC7 = 0;
   274  073F  1387               	bcf	7,7
   275                           ;nRF905.c: 174: TRISB4 = 1;
   276  0740  1606               	bsf	6,4
   277                           ;nRF905.c: 176: TRISC5 = 0;
   278  0741  1287               	bcf	7,5
   279                           ;nRF905.c: 177: TRISC4 = 0;
   280  0742  1207               	bcf	7,4
   281                           ;nRF905.c: 178: TRISC3 = 0;
   282  0743  1187               	bcf	7,3
   283                           ;nRF905.c: 180: TRISA4 = 1;
   284  0744  1605               	bsf	5,4
   285                           ;nRF905.c: 181: TRISA5 = 1;
   286  0745  1685               	bsf	5,5
   287                           ;nRF905.c: 182: TRISA2 = 1;
   288  0746  1505               	bsf	5,2
   289                           ;nRF905.c: 183: }
   290  0747  1283               	bcf	3,5
   291  0748  0008               	return	;W free
   292                           
   293                           	psect	text5
   294  0749                     _spiWrite
   295                           ;	_dat assigned to ?a_spiWrite+0
   296  0000                     _spiWrite$dat	set	?a_spiWrite
   297                           ;_dat stored from w
   298  0749  0183               	clrf	3	;select bank 0
   299  074A  00EA               	movwf	?a_spiWrite
   300                           ;nRF905.c: 185: void spiWrite(INT8U dat)
   301  074B  00A1               	movwf	F689
   302                           ;nRF905.c: 191: for(i=0;i<8;i++)
   303  074C  01A0               	clrf	F688
   304  074D  2F58               	goto	l45
   305  074E                     l42
   306                           ;nRF905.c: 192: {
   307  074E  1FA1               	btfss	F689,7
   308  074F  2F52               	goto	l46
   309                           ;nRF905.c: 194: RC7 = 1;
   310  0750  1787               	bsf	7,7
   311  0751  2F53               	goto	l47
   312  0752                     l46
   313                           ;nRF905.c: 195: else
   314  0752  1387               	bcf	7,7
   315  0753                     l47
   316                           ;nRF905.c: 198: RB6 = 1;
   317  0753  1706               	bsf	6,6
   318                           ;nRF905.c: 199: c=c<<1;
   319  0754  1003               	bcf	3,0
   320  0755  0DA1               	rlf	F689
   321                           ;nRF905.c: 200: RB6 = 0;
   322  0756  1306               	bcf	6,6
   323  0757  0AA0               	incf	F688
   324  0758                     l45
   325  0758  3008               	movlw	8
   326  0759  0220               	subwf	F688,w
   327  075A  1803               	btfsc	3,0
   328  075B  0008               	return
   329  075C  2F4E               	goto	l42
   330                           
   331                           	psect	text6
   332  0728                     _spiRead
   333                           ;nRF905.c: 204: INT8U spiRead(void)
   334  0728  0183               	clrf	3	;select bank 0
   335  0729  01A2               	clrf	F691
   336  072A  2F31               	goto	l52
   337                           ;nRF905.c: 210: {
   338  072B                     L1
   339  072B  0DA3               	rlf	F692
   340                           ;nRF905.c: 212: RB6 = 1;
   341  072C  1706               	bsf	6,6
   342                           ;nRF905.c: 213: if(RB4)
   343  072D  1A06               	btfsc	6,4
   344                           ;nRF905.c: 214: dat = dat+1;
   345  072E  0AA3               	incf	F692
   346                           ;nRF905.c: 215: RB6 = 0;
   347  072F  1306               	bcf	6,6
   348  0730  0AA2               	incf	F691
   349  0731                     l52
   350  0731  3008               	movlw	8
   351  0732  0222               	subwf	F691,w
   352  0733  1C03               	btfss	3,0
   353  0734  2F2B               	goto	L1
   354                           ;nRF905.c: 216: }
   355  0735  0823               	movf	F692,w
   356                           ;nRF905.c: 219: }
   357  0736  0008               	return	;uses W
   358                           
   359                           	psect	text7
   360  0718                     _rfSetPwrOff
   361                           ;nRF905.c: 221: void rfSetPwrOff(void)
   362  0718  0183               	clrf	3	;select bank 0
   363  0719  1287               	bcf	7,5
   364                           ;nRF905.c: 224: }
   365  071A  0008               	return	;W free
   366                           
   367                           	psect	text8
   368  0000                     
   369  0000                     
   370  0000                     
   371  0000                     
   372  0000                     
   373  0000                     
   374  0000                     
   375  0000                     
   376  0000                     
   377  0000                     
   378  0000                     
   379  0000                     
   380  0000                     
   381  0000                     
   382  0000                     
   383  0000                     
   384  0000                     
   385  0000                     
   386  0000                     
   387  0000                     
   388  0000                     
   389  0000                     
   390  0000                     
   391  0000                     
   392  0000                     
   393  0000                     
   394  0000                     
   395  0000                     
   396  0000                     
   397  0000                     
   398  0000                     
   399  0000                     
   400  0000                     
   401  0000                     
   402  0000                     
   403  0000                     
   404  0000                     
   405  0000                     
   406  0000                     
   407  0000                     
   408  0000                     
   409  0000                     
   410  0000                     
   411  0000                     
   412  0000                     
   413  0000                     
   414  0000                     
   415  0000                     
   416  0000                     
   417  0000                     
   418  0000                     
   419  0000                     
   420  0000                     
   421  0000                     
   422  0000                     
   423  0000                     
   424  0000                     
   425  0000                     
   426  0000                     
   427  0000                     
   428  0000                     
   429  0000                     
   430  0000                     
   431  0000                     
   432  0000                     
   433  0000                     
   434  0000                     
   435  0000                     
   436  0000                     
   437  0000                     
   438  0000                     
   439  0000                     
   440  0000                     
   441  0000                     
   442  0000                     
   443  0000                     
   444  0000                     
   445  0000                     
   446  0000                     
   447  0000                     
   448  0000                     
   449  0000                     
   450  0000                     
   451  0000                     
   452  0000                     
   453  0000                     
   454  0000                     
   455  0000                     
   456  0000                     
   457  0000                     
   458  0000                     
   459  0000                     
   460  0000                     
   461  0000                     
   462  0000                     
   463  0000                     
   464  0000                     
   465  0000                     
   466  0000                     
   467  0000                     
   468  0000                     
   469  0000                     
   470  0000                     
   471  0000                     
   472  0000                     
   473  0000                     
   474  0000                     
   475  0000                     
   476  0000                     
   477  0000                     
   478  0000                     
   479  0000                     
   480  0000                     
   481  0000                     
   482  0000                     
   483  0000                     
   484  0000                     
   485  0000                     
   486  0000                     
   487  0000                     
   488  0000                     
   489  0000                     
   490  0000                     
   491  0000                     
   492  0000                     
   493  0000                     
   494  0000                     
   495  0000                     
   496  0000                     
   497  0000                     
   498  0000                     
   499  0000                     
   500  0000                     
   501  0000                     
   502  0000                     
   503  0000                     
   504  0000                     
   505  0000                     
   506  0000                     
   507  0000                     
   508  0000                     
   509  0000                     
   510  0000                     
   511  0000                     
   512  0000                     
   513  0000                     
   514  0000                     
   515  0000                     
   516  0000                     
   517  0000                     
   518  0000                     
   519  0000                     
   520  0000                     
   521  0000                     
   522  0000                     
   523  0000                     
   524  0000                     
   525  0000                     
   526  0000                     
   527  0000                     
   528  0000                     
   529  0000                     
   530  0000                     
   531  0000                     
   532  0000                     
   533  0000                     
   534  0000                     
   535  0000                     
   536  0000                     
   537  0000                     
   538  0000                     
   539  0000                     
   540  0000                     
   541  0000                     
   542  0000                     
   543  0000                     
   544  0000                     
   545  0000                     
   546  0000                     
   547  0000                     
   548  0000                     
   549  0000                     
   550  0000                     
   551  0000                     
   552  0000                     
   553  0000                     
   554  0000                     
   555  0000                     
   556  0000                     
   557  0000                     
   558  0000                     
   559  0000                     
   560  0000                     
   561  0000                     
   562  0000                     
   563  0000                     
   564  0000                     
   565  0000                     
   566  0000                     
   567  0000                     
   568  0000                     
   569  0000                     
   570  0000                     
   571  0000                     
   572  0000                     
   573  0000                     
   574  0000                     
   575  0000                     
   576  0000                     
   577  0000                     
   578  0000                     
   579  0000                     
   580  0000                     
   581  0000                     
   582  0000                     
   583  0000                     
   584  0000                     
   585  0000                     
   586  0000                     
   587  0000                     
   588  0000                     
   589  0000                     
   590  0000                     
   591  0000                     
   592  0000                     
   593  0000                     
   594  0000                     
   595  0000                     
   596  0000                     
   597  0000                     
   598  0000                     
   599  0000                     
   600  0000                     
   601  0000                     
   602  0000                     
   603  0000                     
   604  0000                     
   605  0000                     
   606  0000                     
   607  0000                     
   608  0000                     
   609  0000                     
   610  0000                     
   611  0000                     
   612  0000                     
   613  0000                     
   614  0000                     
   615  0000                     
   616  0000                     
   617  0000                     
   618  0000                     
   619  0000                     
   620  0000                     
   621  0000                     
   622  0000                     
   623  0000                     
   624  0000                     
   625  0000                     
   626  0000                     
   627  0000                     
   628  0000                     
   629  0000                     
   630  0000                     
   631  0000                     
   632  0000                     
   633  0000                     
   634  0000                     
   635  0000                     
   636  0000                     
   637  0000                     
   638  0000                     
   639  0000                     
   640  0000                     
   641  0000                     
   642  0000                     
   643  0000                     
   644  0000                     
   645  0000                     
   646  0000                     
   647  0000                     
   648  0000                     
   649  0000                     
   650  0000                     
   651                           
   652                           	psect	rbss_0
   653  0020                     F688
                     F688
   654  0020                     	ds	1
   655  0021                     F689
                     F689
   656  0021                     	ds	1
   657  0022                     F691
                     F691
   658  0022                     	ds	1
   659  0023                     F692
                     F692
   660  0023                     	ds	1
   661  0000                     
   662  0000                     
   663  0000                     
   664  0000                     
   665  0000                     
   666  0000                     
   667  0000                     
   668  0000                     
   669  0000                     
   670  0000                     
   671  0000                     
   672  0000                     
   673  0000                     
   674  0000                     
   675  0000                     
   676  0000                     
   677  0000                     
   678  0000                     
   679  0000                     
   680  0000                     
   681  0000                     
   682  0000                     
   683  0000                     
   684  0000                     
   685  0000                     
   686  0000                     
   687  0000                     
   688  0000                     
   689  0000                     
   690  0000                     
   691  0000                     
   692  0000                     
   693  0000                     
   694  0000                     
   695  0000                     
   696  0000                     
   697  0000                     
   698  0000                     
   699  0000                     
   700  0000                     
   701  0000                     
   702  0000                     
   703  0000                     
   704  0000                     
   705  0000                     
   706  0000                     
   707  0000                     
   708  0000                     
   709  0000                     
   710  0000                     
   711  0000                     
   712  0000                     
   713  0000                     
   714  0000                     
   715  0000                     
   716  0000                     
   717  0000                     
   718  0000                     
   719  0000                     
   720  0000                     
   721  0000                     
   722  0000                     
   723  0000                     
   724  0000                     
   725  0000                     
   726  0000                     
   727  0000                     
   728  0000                     
   729  0000                     
   730  0024                     _RxBuf
                     _RxBuf
   731  0024                     	ds	32
   732  0044                     _TxBuf
                     _TxBuf
   733  0044                     	ds	32


HI-TECH Software PICC Macro Assembler V9.60
Symbol Table                                          Mon May 07 18:11:00 2007

                l3 07CD                  l6 07E4                  l9 07ED  
                pc 0002      ?a_rfConfig905 0066                 l13 07FC  
               l23 07AE                 l32 0767                 l16 0778  
               l42 074E                 l26 07BF                 l35 076B  
               l19 0786                 l52 0731                 l28 0763  
               l45 0758                 l46 0752                 l38 076F  
               l47 0753        _rfSetRxMode 075D                 fsr 0004  
      _rfSetPwrOff 0718                F691 0022                F692 0023  
              F688 0020                F689 0021           _rfInitIO 0737  
     ?a_rfRxPacket 0064       ?a_rfTxPacket 0066               f3603 0067  
             f3563 0068               f3583 0065           _spiWrite 0749  
    ?a_rfSetRxMode 0064         _RxTxconfig 0024         _rfRxPacket 0772  
       _rfTxPacket 07C5              _RxBuf 0024              _TxBuf 0044  
          _spiRead 0728            code_ptr 006B        string_table 000D  
       ?a_spiWrite 006A              status 0003        _rfConfig905 07A6  
     used_code_ptr 0001  
