

HI-TECH Software PICC Macro Assembler V9.60
                                                      Mon May 07 18:12:01 2007


     1                           	processor	16F690
     2                           	opt	pw 79
     3                           	psect	text0,local,class=CODE,delta=2
     4                           	psect	text1,local,class=CODE,delta=2
     5  0000                     
     6  0000                     
     7  0000                     
     8  0000                     
     9  0000                     
    10  0000                     
    11  0000                     
    12  0000                     
    13  0000                     
    14  0000                     
    15                           
    16                           	psect	text0
    17  04EB                     _DelayMs
    18                           ;	_cnt assigned to ?a_DelayMs+0
    19  0000                     _DelayMs$cnt	set	?a_DelayMs
    20                           ;	_i assigned to ?a_DelayMs+1
    21  0000                     _DelayMs$i	set	?a_DelayMs+1
    22                           ;	__dcnt assigned to ?a_DelayMs+2
    23  0000                     _DelayMs$_dcnt	set	?a_DelayMs+2
    24                           ;_cnt stored from w
    25  04EB  0183               	clrf	3	;select bank 0
    26  04EC  00E4               	movwf	?a_DelayMs
    27  04ED                     l4
    28                           ;delay.c: 10: void
    29                           ;delay.c: 22: i = 4;
    30  04ED  3004               	movlw	4
    31  04EE  00E5               	movwf	?a_DelayMs+1
    32  04EF                     l7
    33                           ;delay.c: 23: do {
    34                           ;delay.c: 24: { unsigned char _dcnt; _dcnt = (2
      +                          50)/((12*1000L)/(4*1000L))|1; while(--_dcnt != 
      +                          0) continue; };
    35  04EF  3053               	movlw	83
    36  04F0  00E6               	movwf	?a_DelayMs+2
    37  04F1                     l9
    38  04F1  0BE6               	decfsz	?a_DelayMs+2
    39  04F2  2CF1               	goto	l9
    40                           ;delay.c: 25: } while(--i);
    41  04F3  0BE5               	decfsz	?a_DelayMs+1
    42  04F4  2CEF               	goto	l7
    43                           ;delay.c: 26: } while(--cnt);
    44  04F5  0BE4               	decfsz	?a_DelayMs
    45  04F6  2CED               	goto	l4
    46  04F7  0008               	return


HI-TECH Software PICC Macro Assembler V9.60
Symbol Table                                          Mon May 07 18:12:01 2007

    ?a_DelayMs 0064              l4 04ED              l7 04EF  
            l9 04F1        _DelayMs 04EB          status 0003  
