

HI-TECH Software PICC Macro Assembler V9.60
                                                      Mon May 07 18:12:00 2007


     1                           	processor	16F690
     2                           	opt	pw 79
     3                           	psect	text0,local,class=CODE,delta=2
     4                           	psect	config,global,class=CONFIG,delta=2
     5                           	psect	strings,global,class=STRING,delta=2
     6  0000                     
     7  0000                     
     8  0000                     
     9  0000                     
    10  0000                     
    11  0000                     
    12  0000                     
    13  0000                     
    14  0000                     
    15  0000                     	;#
    16                           
    17                           	psect	text0
    18  058F                     _main
    19                           ;	_i assigned to ?a_main+0
    20  0000                     _main$i	set	?a_main
    21                           ;nRF905Rx_main.c: 47: void main(void)
    22  058F  1283               	bcf	3,5
    23  0590  1703               	bsf	3,6
    24  0591  019E               	clrf	30
    25                           ;nRF905Rx_main.c: 52: ANSELH = 0x00;
    26  0592  019F               	clrf	31
    27                           ;nRF905Rx_main.c: 53: SCS = 1;
    28  0593  1683               	bsf	3,5
    29  0594  1303               	bcf	3,6	;carry unused
    30  0595  140F               	bsf	15,0
    31                           ;nRF905Rx_main.c: 56: INTCON=0;
    32  0596  018B               	clrf	11	;volatile
    33                           ;nRF905Rx_main.c: 57: rfInitIO();
    34  0597  2507               	call	_rfInitIO
    35                           ;nRF905Rx_main.c: 58: rfConfig905();
    36  0598  2570               	call	_rfConfig905
    37                           ;nRF905Rx_main.c: 59: rfSetRxMode();
    38  0599  252D               	call	_rfSetRxMode
    39                           ;nRF905Rx_main.c: 60: TRISB5 = 1; TRISB7 = 0; S
      +                          PBRG = ((int)(4000000L/(16UL * 9600) -1)); RCST
      +                          A = (0|0x90); TXSTA = (0x4|0|0x20);
    40  059A  1683               	bsf	3,5
    41  059B  1686               	bsf	6,5
    42  059C  1386               	bcf	6,7
    43  059D  3019               	movlw	25
    44  059E  0099               	movwf	25
    45  059F  3090               	movlw	-112
    46  05A0  1283               	bcf	3,5
    47  05A1  0098               	movwf	24	;volatile
    48  05A2  3024               	movlw	36
    49  05A3  1683               	bsf	3,5
    50  05A4  0098               	movwf	24	;volatile
    51                           ;nRF905Rx_main.c: 62: printf("\rnRF905 Receiver
      +                           Demo:\n");
    52  05A5  3023               	movlw	low u19
    53  05A6  1283               	bcf	3,5
    54  05A7  00E8               	movwf	?_printf+1
    55  05A8  3000               	movlw	high u19
    56  05A9  00E9               	movwf	?_printf+2
    57  05AA  24C7               	call	_printf
    58  05AB                     l3
    59                           ;nRF905Rx_main.c: 64: for(;;)
    60                           ;nRF905Rx_main.c: 65: {
    61  05AB  1D05               	btfss	5,2
    62  05AC  2DAB               	goto	l3
    63                           ;nRF905Rx_main.c: 67: rfRxPacket();
    64  05AD  2557               	call	_rfRxPacket
    65                           ;nRF905Rx_main.c: 68: printf("received packet i
      +                          n main()\n");
    66  05AE  303B               	movlw	low u29
    67  05AF  00E8               	movwf	?_printf+1
    68  05B0  3000               	movlw	high u29
    69  05B1  00E9               	movwf	?_printf+2
    70  05B2  24C7               	call	_printf
    71                           ;nRF905Rx_main.c: 69: for(i=0;i<32;i++)
    72  05B3  01E4               	clrf	?a_main
    73  05B4                     l7
    74                           ;nRF905Rx_main.c: 70: printf("Character: %c \n"
      +                          , RxBuf[i]);
    75  05B4  3056               	movlw	low u39
    76  05B5  00E8               	movwf	?_printf+1
    77  05B6  3000               	movlw	high u39
    78  05B7  00E9               	movwf	?_printf+2
    79  05B8  0864               	movf	?a_main,w
    80  05B9  3E24               	addlw	_RxBuf
    81  05BA  0084               	movwf	4
    82  05BB  1383               	bcf	3,7
    83  05BC  0800               	movf	0,w
    84  05BD  00E5               	movwf	?a_main+1
    85  05BE  01E6               	clrf	?a_main+2
    86  05BF  3065               	movlw	?a_main+1
    87  05C0  00E7               	movwf	?_printf
    88  05C1  24C7               	call	_printf
    89  05C2  0AE4               	incf	?a_main
    90  05C3  3020               	movlw	32
    91  05C4  0264               	subwf	?a_main,w
    92  05C5  1803               	btfsc	3,0
    93  05C6  2DAB               	goto	l3
    94  05C7  2DB4               	goto	l7
    95                           
    96                           	psect	config
    97  2007  30F4               	dw	12532	;#
    98                           
    99                           	psect	strings
   100  0023                     u19
   101  0023  340D               	retlw	13
   102  0024  346E               	retlw	110	;'n'
   103  0025  3452               	retlw	82	;'R'
   104  0026  3446               	retlw	70	;'F'
   105  0027  3439               	retlw	57	;'9'
   106  0028  3430               	retlw	48	;'0'
   107  0029  3435               	retlw	53	;'5'
   108  002A  3420               	retlw	32
   109  002B  3452               	retlw	82	;'R'
   110  002C  3465               	retlw	101	;'e'
   111  002D  3463               	retlw	99	;'c'
   112  002E  3465               	retlw	101	;'e'
   113  002F  3469               	retlw	105	;'i'
   114  0030  3476               	retlw	118	;'v'
   115  0031  3465               	retlw	101	;'e'
   116  0032  3472               	retlw	114	;'r'
   117  0033  3420               	retlw	32
   118  0034  3444               	retlw	68	;'D'
   119  0035  3465               	retlw	101	;'e'
   120  0036  346D               	retlw	109	;'m'
   121  0037  346F               	retlw	111	;'o'
   122  0038  343A               	retlw	58	;':'
   123  0039  340A               	retlw	10
   124  003A  3400               	retlw	0
   125  003B                     u29
   126  003B  3472               	retlw	114	;'r'
   127  003C  3465               	retlw	101	;'e'
   128  003D  3463               	retlw	99	;'c'
   129  003E  3465               	retlw	101	;'e'
   130  003F  3469               	retlw	105	;'i'
   131  0040  3476               	retlw	118	;'v'
   132  0041  3465               	retlw	101	;'e'
   133  0042  3464               	retlw	100	;'d'
   134  0043  3420               	retlw	32
   135  0044  3470               	retlw	112	;'p'
   136  0045  3461               	retlw	97	;'a'
   137  0046  3463               	retlw	99	;'c'
   138  0047  346B               	retlw	107	;'k'
   139  0048  3465               	retlw	101	;'e'
   140  0049  3474               	retlw	116	;'t'
   141  004A  3420               	retlw	32
   142  004B  3469               	retlw	105	;'i'
   143  004C  346E               	retlw	110	;'n'
   144  004D  3420               	retlw	32
   145  004E  346D               	retlw	109	;'m'
   146  004F  3461               	retlw	97	;'a'
   147  0050  3469               	retlw	105	;'i'
   148  0051  346E               	retlw	110	;'n'
   149  0052  3428               	retlw	40
   150  0053  3429               	retlw	41
   151  0054  340A               	retlw	10
   152  0055  3400               	retlw	0
   153  0056                     u39
   154  0056  3443               	retlw	67	;'C'
   155  0057  3468               	retlw	104	;'h'
   156  0058  3461               	retlw	97	;'a'
   157  0059  3472               	retlw	114	;'r'
   158  005A  3461               	retlw	97	;'a'
   159  005B  3463               	retlw	99	;'c'
   160  005C  3474               	retlw	116	;'t'
   161  005D  3465               	retlw	101	;'e'
   162  005E  3472               	retlw	114	;'r'
   163  005F  343A               	retlw	58	;':'
   164  0060  3420               	retlw	32
   165  0061  3425               	retlw	37
   166  0062  3463               	retlw	99	;'c'
   167  0063  3420               	retlw	32
   168  0064  340A               	retlw	10
   169  0065  3400               	retlw	0
   170  0000                     
   171  0000                     
   172  0000                     
   173  0000                     
   174  0000                     
   175  0000                     
   176  0000                     
   177  0000                     
   178  0000                     
   179  0000                     
   180  0000                     
   181  0000                     
   182  0000                     
   183  0000                     
   184  0000                     
   185  0000                     
   186  0000                     
   187  0000                     
   188  0000                     
   189  0000                     
   190  0000                     
   191  0000                     
   192  0000                     
   193  0000                     
   194  0000                     
   195  0000                     
   196  0000                     
   197  0000                     
   198  0000                     
   199  0000                     
   200  0000                     
   201  0000                     
   202  0000                     
   203  0000                     
   204  0000                     
   205  0000                     
   206  0000                     
   207  0000                     
   208  0000                     
   209  0000                     
   210  0000                     
   211  0000                     
   212  0000                     
   213  0000                     
   214  0000                     
   215  0000                     
   216  0000                     
   217  0000                     
   218  0000                     
   219  0000                     
   220  0000                     
   221  0000                     
   222  0000                     
   223  0000                     
   224  0000                     
   225  0000                     
   226  0000                     
   227  0000                     
   228  0000                     
   229  0000                     
   230  0000                     
   231  0000                     
   232  0000                     
   233  0000                     
   234  0000                     
   235  0000                     
   236  0000                     
   237  0000                     
   238  0000                     
   239  0000                     
   240  0000                     
   241  0000                     
   242  0000                     
   243  0000                     
   244  0000                     
   245  0000                     
   246  0000                     
   247  0000                     
   248  0000                     
   249  0000                     
   250  0000                     
   251  0000                     
   252  0000                     
   253  0000                     
   254  0000                     
   255  0000                     
   256  0000                     
   257  0000                     
   258  0000                     
   259  0000                     
   260  0000                     
   261  0000                     
   262  0000                     
   263  0000                     
   264  0000                     
   265  0000                     
   266  0000                     
   267  0000                     
   268  0000                     
   269  0000                     
   270  0000                     
   271  0000                     
   272  0000                     
   273  0000                     
   274  0000                     
   275  0000                     
   276  0000                     
   277  0000                     
   278  0000                     
   279  0000                     
   280  0000                     
   281  0000                     
   282  0000                     
   283  0000                     
   284  0000                     
   285  0000                     
   286  0000                     
   287  0000                     
   288  0000                     
   289  0000                     
   290  0000                     
   291  0000                     
   292  0000                     
   293  0000                     
   294  0000                     
   295  0000                     
   296  0000                     
   297  0000                     
   298  0000                     
   299  0000                     
   300  0000                     
   301  0000                     
   302  0000                     
   303  0000                     
   304  0000                     
   305  0000                     
   306  0000                     
   307  0000                     
   308  0000                     
   309  0000                     
   310  0000                     
   311  0000                     
   312  0000                     
   313  0000                     
   314  0000                     
   315  0000                     
   316  0000                     
   317  0000                     
   318  0000                     
   319  0000                     
   320  0000                     
   321  0000                     
   322  0000                     
   323  0000                     
   324  0000                     
   325  0000                     
   326  0000                     
   327  0000                     
   328  0000                     
   329  0000                     
   330  0000                     
   331  0000                     
   332  0000                     
   333  0000                     
   334  0000                     
   335  0000                     
   336  0000                     
   337  0000                     
   338  0000                     
   339  0000                     
   340  0000                     
   341  0000                     
   342  0000                     
   343  0000                     
   344  0000                     
   345  0000                     
   346  0000                     
   347  0000                     
   348  0000                     
   349  0000                     
   350  0000                     
   351  0000                     
   352  0000                     
   353  0000                     
   354  0000                     
   355  0000                     
   356  0000                     
   357  0000                     
   358  0000                     
   359  0000                     
   360  0000                     
   361  0000                     
   362  0000                     
   363  0000                     
   364  0000                     
   365  0000                     
   366  0000                     
   367  0000                     
   368  0000                     
   369  0000                     
   370  0000                     
   371  0000                     
   372  0000                     
   373  0000                     
   374  0000                     
   375  0000                     
   376  0000                     
   377  0000                     
   378  0000                     
   379  0000                     
   380  0000                     
   381  0000                     
   382  0000                     
   383  0000                     
   384  0000                     
   385  0000                     
   386  0000                     
   387  0000                     
   388  0000                     
   389  0000                     
   390  0000                     
   391  0000                     
   392  0000                     
   393  0000                     
   394  0000                     
   395  0000                     
   396  0000                     
   397  0000                     
   398  0000                     
   399  0000                     
   400  0000                     
   401  0000                     
   402  0000                     
   403  0000                     
   404  0000                     
   405  0000                     
   406  0000                     
   407  0000                     
   408  0000                     
   409  0000                     
   410  0000                     
   411  0000                     
   412  0000                     
   413  0000                     
   414  0000                     
   415  0000                     
   416  0000                     
   417  0000                     
   418  0000                     
   419  0000                     
   420  0000                     
   421  0000                     
   422  0000                     
   423  0000                     
   424  0000                     
   425  0000                     
   426  0000                     
   427  0000                     
   428  0000                     
   429  0000                     
   430  0000                     
   431  0000                     
   432  0000                     
   433  0000                     
   434  0000                     
   435  0000                     
   436  0000                     
   437  0000                     
   438  0000                     
   439  0000                     
   440  0000                     
   441  0000                     
   442  0000                     
   443  0000                     
   444  0000                     
   445  0000                     
   446  0000                     
   447  0000                     
   448  0000                     
   449  0000                     
   450  0000                     
   451  0000                     
   452  0000                     
   453  0000                     
   454  0000                     
   455  0000                     
   456  0000                     
   457  0000                     
   458  0000                     
   459  0000                     
   460  0000                     
   461  0000                     
   462  0000                     
   463  0000                     
   464  0000                     
   465  0000                     
   466  0000                     
   467  0000                     
   468  0000                     
   469  0000                     
   470  0000                     
   471  0000                     
   472  0000                     
   473  0000                     
   474  0000                     
   475  0000                     
   476  0000                     
   477  0000                     
   478  0000                     
   479  0000                     
   480  0000                     
   481  0000                     
   482  0000                     
   483  0000                     
   484  0000                     
   485  0000                     
   486  0000                     
   487  0000                     
   488  0000                     
   489  0000                     
   490  0000                     
   491  0000                     
   492  0000                     
   493  0000                     
   494  0000                     
   495  0000                     
   496  0000                     
   497  0000                     
   498  0000                     
   499  0000                     
   500  0000                     
   501  0000                     
   502  0000                     
   503  0000                     
   504  0000                     
   505  0000                     
   506  0000                     
   507  0000                     
   508  0000                     
   509  0000                     
   510  0000                     
   511  0000                     
   512  0000                     
   513  0000                     
   514  0000                     
   515  0000                     
   516  0000                     
   517  0000                     
   518  0000                     
   519  0000                     
   520  0000                     
   521  0000                     


HI-TECH Software PICC Macro Assembler V9.60
Symbol Table                                          Mon May 07 18:12:00 2007

     ?a_main 0064            l3 05AB            l7 05B4           u19 0023  
         u29 003B           u39 0056  _rfSetRxMode 052D           fsr 0004  
   _rfInitIO 0507      ?_printf 0067         f3533 0067       _printf 04C7  
       _main 058F         start 0000   _rfRxPacket 0557        _RxBuf 0024  
      status 0003  _rfConfig905 0570  
